c:\users\brian\desktop\學科資料\大四\初階影像處理、嵌入式機器人視覺及人機互動\mfc\stereoproject\stereoproject\x64\debug\stereoproject.pch
c:\users\brian\desktop\學科資料\大四\初階影像處理、嵌入式機器人視覺及人機互動\mfc\stereoproject\stereoproject\x64\debug\stdafx.obj
c:\users\brian\desktop\學科資料\大四\初階影像處理、嵌入式機器人視覺及人機互動\mfc\stereoproject\stereoproject\x64\debug\vc110.pdb
c:\users\brian\desktop\學科資料\大四\初階影像處理、嵌入式機器人視覺及人機互動\mfc\stereoproject\stereoproject\x64\debug\stereoproject.obj
c:\users\brian\desktop\學科資料\大四\初階影像處理、嵌入式機器人視覺及人機互動\mfc\stereoproject\stereoproject\x64\debug\stereoprojectdlg.obj
c:\users\brian\desktop\學科資料\大四\初階影像處理、嵌入式機器人視覺及人機互動\mfc\stereoproject\x64\debug\stereoproject.ilk
c:\users\brian\desktop\學科資料\大四\初階影像處理、嵌入式機器人視覺及人機互動\mfc\stereoproject\x64\debug\stereoproject.exe
c:\users\brian\desktop\學科資料\大四\初階影像處理、嵌入式機器人視覺及人機互動\mfc\stereoproject\x64\debug\stereoproject.pdb
c:\users\brian\desktop\學科資料\大四\初階影像處理、嵌入式機器人視覺及人機互動\mfc\stereoproject\stereoproject\x64\debug\stereoproject.res
d:\專題\7-11\解\stereoproject\stereoproject\x64\debug\stereoproject.pch
d:\專題\7-11\解\stereoproject\stereoproject\x64\debug\vc141.pdb
d:\專題\7-11\解\stereoproject\stereoproject\x64\debug\vc141.idb
d:\專題\7-11\解\stereoproject\stereoproject\x64\debug\stdafx.obj
d:\專題\7-11\解\stereoproject\stereoproject\x64\debug\stereoprojectdlg.obj
d:\專題\7-11\解\stereoproject\stereoproject\x64\debug\stereoproject.obj
d:\專題\7-11\解\stereoproject\x64\debug\stereoproject.exe
d:\專題\7-11\解\stereoproject\x64\debug\stereoproject.ilk
d:\專題\7-11\解\stereoproject\x64\debug\stereoproject.pdb
d:\專題\7-11\解\stereoproject\stereoproject\x64\debug\stereoproject.res
d:\專題\7-11\解\stereoproject\stereoproject\x64\debug\cl.command.1.tlog
d:\專題\7-11\解\stereoproject\stereoproject\x64\debug\cl.read.1.tlog
d:\專題\7-11\解\stereoproject\stereoproject\x64\debug\cl.write.1.tlog
d:\專題\7-11\解\stereoproject\stereoproject\x64\debug\link-cvtres.read.1.tlog
d:\專題\7-11\解\stereoproject\stereoproject\x64\debug\link-cvtres.write.1.tlog
d:\專題\7-11\解\stereoproject\stereoproject\x64\debug\link-mt.read.1.tlog
d:\專題\7-11\解\stereoproject\stereoproject\x64\debug\link-mt.write.1.tlog
d:\專題\7-11\解\stereoproject\stereoproject\x64\debug\link-rc.read.1.tlog
d:\專題\7-11\解\stereoproject\stereoproject\x64\debug\link-rc.write.1.tlog
d:\專題\7-11\解\stereoproject\stereoproject\x64\debug\link.1012-cvtres.read.1.tlog
d:\專題\7-11\解\stereoproject\stereoproject\x64\debug\link.1012-cvtres.write.1.tlog
d:\專題\7-11\解\stereoproject\stereoproject\x64\debug\link.1012-mt.read.1.tlog
d:\專題\7-11\解\stereoproject\stereoproject\x64\debug\link.1012-mt.write.1.tlog
d:\專題\7-11\解\stereoproject\stereoproject\x64\debug\link.1012-rc.read.1.tlog
d:\專題\7-11\解\stereoproject\stereoproject\x64\debug\link.1012-rc.write.1.tlog
d:\專題\7-11\解\stereoproject\stereoproject\x64\debug\link.1012.read.1.tlog
d:\專題\7-11\解\stereoproject\stereoproject\x64\debug\link.1012.write.1.tlog
d:\專題\7-11\解\stereoproject\stereoproject\x64\debug\link.1308-cvtres.read.1.tlog
d:\專題\7-11\解\stereoproject\stereoproject\x64\debug\link.1308-cvtres.write.1.tlog
d:\專題\7-11\解\stereoproject\stereoproject\x64\debug\link.1308-mt.read.1.tlog
d:\專題\7-11\解\stereoproject\stereoproject\x64\debug\link.1308-mt.write.1.tlog
d:\專題\7-11\解\stereoproject\stereoproject\x64\debug\link.1308-rc.read.1.tlog
d:\專題\7-11\解\stereoproject\stereoproject\x64\debug\link.1308-rc.write.1.tlog
d:\專題\7-11\解\stereoproject\stereoproject\x64\debug\link.1308.read.1.tlog
d:\專題\7-11\解\stereoproject\stereoproject\x64\debug\link.1308.write.1.tlog
d:\專題\7-11\解\stereoproject\stereoproject\x64\debug\link.168-cvtres.read.1.tlog
d:\專題\7-11\解\stereoproject\stereoproject\x64\debug\link.168-cvtres.write.1.tlog
d:\專題\7-11\解\stereoproject\stereoproject\x64\debug\link.168-mt.read.1.tlog
d:\專題\7-11\解\stereoproject\stereoproject\x64\debug\link.168-mt.write.1.tlog
d:\專題\7-11\解\stereoproject\stereoproject\x64\debug\link.168-rc.read.1.tlog
d:\專題\7-11\解\stereoproject\stereoproject\x64\debug\link.168-rc.write.1.tlog
d:\專題\7-11\解\stereoproject\stereoproject\x64\debug\link.168.read.1.tlog
d:\專題\7-11\解\stereoproject\stereoproject\x64\debug\link.168.write.1.tlog
d:\專題\7-11\解\stereoproject\stereoproject\x64\debug\link.1816-cvtres.read.1.tlog
d:\專題\7-11\解\stereoproject\stereoproject\x64\debug\link.1816-cvtres.write.1.tlog
d:\專題\7-11\解\stereoproject\stereoproject\x64\debug\link.1816-mt.read.1.tlog
d:\專題\7-11\解\stereoproject\stereoproject\x64\debug\link.1816-mt.write.1.tlog
d:\專題\7-11\解\stereoproject\stereoproject\x64\debug\link.1816-rc.read.1.tlog
d:\專題\7-11\解\stereoproject\stereoproject\x64\debug\link.1816-rc.write.1.tlog
d:\專題\7-11\解\stereoproject\stereoproject\x64\debug\link.1816.read.1.tlog
d:\專題\7-11\解\stereoproject\stereoproject\x64\debug\link.1816.write.1.tlog
d:\專題\7-11\解\stereoproject\stereoproject\x64\debug\link.2016-cvtres.read.1.tlog
d:\專題\7-11\解\stereoproject\stereoproject\x64\debug\link.2016-cvtres.write.1.tlog
d:\專題\7-11\解\stereoproject\stereoproject\x64\debug\link.2016-mt.read.1.tlog
d:\專題\7-11\解\stereoproject\stereoproject\x64\debug\link.2016-mt.write.1.tlog
d:\專題\7-11\解\stereoproject\stereoproject\x64\debug\link.2016-rc.read.1.tlog
d:\專題\7-11\解\stereoproject\stereoproject\x64\debug\link.2016-rc.write.1.tlog
d:\專題\7-11\解\stereoproject\stereoproject\x64\debug\link.2016.read.1.tlog
d:\專題\7-11\解\stereoproject\stereoproject\x64\debug\link.2016.write.1.tlog
d:\專題\7-11\解\stereoproject\stereoproject\x64\debug\link.2456-cvtres.read.1.tlog
d:\專題\7-11\解\stereoproject\stereoproject\x64\debug\link.2456-cvtres.write.1.tlog
d:\專題\7-11\解\stereoproject\stereoproject\x64\debug\link.2456-mt.read.1.tlog
d:\專題\7-11\解\stereoproject\stereoproject\x64\debug\link.2456-mt.write.1.tlog
d:\專題\7-11\解\stereoproject\stereoproject\x64\debug\link.2456-rc.read.1.tlog
d:\專題\7-11\解\stereoproject\stereoproject\x64\debug\link.2456-rc.write.1.tlog
d:\專題\7-11\解\stereoproject\stereoproject\x64\debug\link.2456.read.1.tlog
d:\專題\7-11\解\stereoproject\stereoproject\x64\debug\link.2456.write.1.tlog
d:\專題\7-11\解\stereoproject\stereoproject\x64\debug\link.2532-cvtres.read.1.tlog
d:\專題\7-11\解\stereoproject\stereoproject\x64\debug\link.2532-cvtres.write.1.tlog
d:\專題\7-11\解\stereoproject\stereoproject\x64\debug\link.2532-mt.read.1.tlog
d:\專題\7-11\解\stereoproject\stereoproject\x64\debug\link.2532-mt.write.1.tlog
d:\專題\7-11\解\stereoproject\stereoproject\x64\debug\link.2532-rc.read.1.tlog
d:\專題\7-11\解\stereoproject\stereoproject\x64\debug\link.2532-rc.write.1.tlog
d:\專題\7-11\解\stereoproject\stereoproject\x64\debug\link.2532.read.1.tlog
d:\專題\7-11\解\stereoproject\stereoproject\x64\debug\link.2532.write.1.tlog
d:\專題\7-11\解\stereoproject\stereoproject\x64\debug\link.2612-cvtres.read.1.tlog
d:\專題\7-11\解\stereoproject\stereoproject\x64\debug\link.2612-cvtres.write.1.tlog
d:\專題\7-11\解\stereoproject\stereoproject\x64\debug\link.2612-mt.read.1.tlog
d:\專題\7-11\解\stereoproject\stereoproject\x64\debug\link.2612-mt.write.1.tlog
d:\專題\7-11\解\stereoproject\stereoproject\x64\debug\link.2612-rc.read.1.tlog
d:\專題\7-11\解\stereoproject\stereoproject\x64\debug\link.2612-rc.write.1.tlog
d:\專題\7-11\解\stereoproject\stereoproject\x64\debug\link.2612.read.1.tlog
d:\專題\7-11\解\stereoproject\stereoproject\x64\debug\link.2612.write.1.tlog
d:\專題\7-11\解\stereoproject\stereoproject\x64\debug\link.3100-cvtres.read.1.tlog
d:\專題\7-11\解\stereoproject\stereoproject\x64\debug\link.3100-cvtres.write.1.tlog
d:\專題\7-11\解\stereoproject\stereoproject\x64\debug\link.3100-mt.read.1.tlog
d:\專題\7-11\解\stereoproject\stereoproject\x64\debug\link.3100-mt.write.1.tlog
d:\專題\7-11\解\stereoproject\stereoproject\x64\debug\link.3100-rc.read.1.tlog
d:\專題\7-11\解\stereoproject\stereoproject\x64\debug\link.3100-rc.write.1.tlog
d:\專題\7-11\解\stereoproject\stereoproject\x64\debug\link.3100.read.1.tlog
d:\專題\7-11\解\stereoproject\stereoproject\x64\debug\link.3100.write.1.tlog
d:\專題\7-11\解\stereoproject\stereoproject\x64\debug\link.3388-cvtres.read.1.tlog
d:\專題\7-11\解\stereoproject\stereoproject\x64\debug\link.3388-cvtres.write.1.tlog
d:\專題\7-11\解\stereoproject\stereoproject\x64\debug\link.3388-mt.read.1.tlog
d:\專題\7-11\解\stereoproject\stereoproject\x64\debug\link.3388-mt.write.1.tlog
d:\專題\7-11\解\stereoproject\stereoproject\x64\debug\link.3388-rc.read.1.tlog
d:\專題\7-11\解\stereoproject\stereoproject\x64\debug\link.3388-rc.write.1.tlog
d:\專題\7-11\解\stereoproject\stereoproject\x64\debug\link.3388.read.1.tlog
d:\專題\7-11\解\stereoproject\stereoproject\x64\debug\link.3388.write.1.tlog
d:\專題\7-11\解\stereoproject\stereoproject\x64\debug\link.3456-cvtres.read.1.tlog
d:\專題\7-11\解\stereoproject\stereoproject\x64\debug\link.3456-cvtres.write.1.tlog
d:\專題\7-11\解\stereoproject\stereoproject\x64\debug\link.3456-mt.read.1.tlog
d:\專題\7-11\解\stereoproject\stereoproject\x64\debug\link.3456-mt.write.1.tlog
d:\專題\7-11\解\stereoproject\stereoproject\x64\debug\link.3456-rc.read.1.tlog
d:\專題\7-11\解\stereoproject\stereoproject\x64\debug\link.3456-rc.write.1.tlog
d:\專題\7-11\解\stereoproject\stereoproject\x64\debug\link.3456.read.1.tlog
d:\專題\7-11\解\stereoproject\stereoproject\x64\debug\link.3456.write.1.tlog
d:\專題\7-11\解\stereoproject\stereoproject\x64\debug\link.3668-cvtres.read.1.tlog
d:\專題\7-11\解\stereoproject\stereoproject\x64\debug\link.3668-cvtres.write.1.tlog
d:\專題\7-11\解\stereoproject\stereoproject\x64\debug\link.3668-mt.read.1.tlog
d:\專題\7-11\解\stereoproject\stereoproject\x64\debug\link.3668-mt.write.1.tlog
d:\專題\7-11\解\stereoproject\stereoproject\x64\debug\link.3668-rc.read.1.tlog
d:\專題\7-11\解\stereoproject\stereoproject\x64\debug\link.3668-rc.write.1.tlog
d:\專題\7-11\解\stereoproject\stereoproject\x64\debug\link.3668.read.1.tlog
d:\專題\7-11\解\stereoproject\stereoproject\x64\debug\link.3668.write.1.tlog
d:\專題\7-11\解\stereoproject\stereoproject\x64\debug\link.4072-cvtres.read.1.tlog
d:\專題\7-11\解\stereoproject\stereoproject\x64\debug\link.4072-cvtres.write.1.tlog
d:\專題\7-11\解\stereoproject\stereoproject\x64\debug\link.4072-mt.read.1.tlog
d:\專題\7-11\解\stereoproject\stereoproject\x64\debug\link.4072-mt.write.1.tlog
d:\專題\7-11\解\stereoproject\stereoproject\x64\debug\link.4072-rc.read.1.tlog
d:\專題\7-11\解\stereoproject\stereoproject\x64\debug\link.4072-rc.write.1.tlog
d:\專題\7-11\解\stereoproject\stereoproject\x64\debug\link.4072.read.1.tlog
d:\專題\7-11\解\stereoproject\stereoproject\x64\debug\link.4072.write.1.tlog
d:\專題\7-11\解\stereoproject\stereoproject\x64\debug\link.4172-cvtres.read.1.tlog
d:\專題\7-11\解\stereoproject\stereoproject\x64\debug\link.4172-cvtres.write.1.tlog
d:\專題\7-11\解\stereoproject\stereoproject\x64\debug\link.4172-mt.read.1.tlog
d:\專題\7-11\解\stereoproject\stereoproject\x64\debug\link.4172-mt.write.1.tlog
d:\專題\7-11\解\stereoproject\stereoproject\x64\debug\link.4172-rc.read.1.tlog
d:\專題\7-11\解\stereoproject\stereoproject\x64\debug\link.4172-rc.write.1.tlog
d:\專題\7-11\解\stereoproject\stereoproject\x64\debug\link.4172.read.1.tlog
d:\專題\7-11\解\stereoproject\stereoproject\x64\debug\link.4172.write.1.tlog
d:\專題\7-11\解\stereoproject\stereoproject\x64\debug\link.4440-cvtres.read.1.tlog
d:\專題\7-11\解\stereoproject\stereoproject\x64\debug\link.4440-cvtres.write.1.tlog
d:\專題\7-11\解\stereoproject\stereoproject\x64\debug\link.4440-mt.read.1.tlog
d:\專題\7-11\解\stereoproject\stereoproject\x64\debug\link.4440-mt.write.1.tlog
d:\專題\7-11\解\stereoproject\stereoproject\x64\debug\link.4440-rc.read.1.tlog
d:\專題\7-11\解\stereoproject\stereoproject\x64\debug\link.4440-rc.write.1.tlog
d:\專題\7-11\解\stereoproject\stereoproject\x64\debug\link.4440.read.1.tlog
d:\專題\7-11\解\stereoproject\stereoproject\x64\debug\link.4440.write.1.tlog
d:\專題\7-11\解\stereoproject\stereoproject\x64\debug\link.4536-cvtres.read.1.tlog
d:\專題\7-11\解\stereoproject\stereoproject\x64\debug\link.4536-cvtres.write.1.tlog
d:\專題\7-11\解\stereoproject\stereoproject\x64\debug\link.4536-mt.read.1.tlog
d:\專題\7-11\解\stereoproject\stereoproject\x64\debug\link.4536-mt.write.1.tlog
d:\專題\7-11\解\stereoproject\stereoproject\x64\debug\link.4536-rc.read.1.tlog
d:\專題\7-11\解\stereoproject\stereoproject\x64\debug\link.4536-rc.write.1.tlog
d:\專題\7-11\解\stereoproject\stereoproject\x64\debug\link.4536.read.1.tlog
d:\專題\7-11\解\stereoproject\stereoproject\x64\debug\link.4536.write.1.tlog
d:\專題\7-11\解\stereoproject\stereoproject\x64\debug\link.4556-cvtres.read.1.tlog
d:\專題\7-11\解\stereoproject\stereoproject\x64\debug\link.4556-cvtres.write.1.tlog
d:\專題\7-11\解\stereoproject\stereoproject\x64\debug\link.4556-mt.read.1.tlog
d:\專題\7-11\解\stereoproject\stereoproject\x64\debug\link.4556-mt.write.1.tlog
d:\專題\7-11\解\stereoproject\stereoproject\x64\debug\link.4556-rc.read.1.tlog
d:\專題\7-11\解\stereoproject\stereoproject\x64\debug\link.4556-rc.write.1.tlog
d:\專題\7-11\解\stereoproject\stereoproject\x64\debug\link.4556.read.1.tlog
d:\專題\7-11\解\stereoproject\stereoproject\x64\debug\link.4556.write.1.tlog
d:\專題\7-11\解\stereoproject\stereoproject\x64\debug\link.4736-cvtres.read.1.tlog
d:\專題\7-11\解\stereoproject\stereoproject\x64\debug\link.4736-cvtres.write.1.tlog
d:\專題\7-11\解\stereoproject\stereoproject\x64\debug\link.4736-mt.read.1.tlog
d:\專題\7-11\解\stereoproject\stereoproject\x64\debug\link.4736-mt.write.1.tlog
d:\專題\7-11\解\stereoproject\stereoproject\x64\debug\link.4736-rc.read.1.tlog
d:\專題\7-11\解\stereoproject\stereoproject\x64\debug\link.4736-rc.write.1.tlog
d:\專題\7-11\解\stereoproject\stereoproject\x64\debug\link.4736.read.1.tlog
d:\專題\7-11\解\stereoproject\stereoproject\x64\debug\link.4736.write.1.tlog
d:\專題\7-11\解\stereoproject\stereoproject\x64\debug\link.4900-cvtres.read.1.tlog
d:\專題\7-11\解\stereoproject\stereoproject\x64\debug\link.4900-cvtres.write.1.tlog
d:\專題\7-11\解\stereoproject\stereoproject\x64\debug\link.4900-mt.read.1.tlog
d:\專題\7-11\解\stereoproject\stereoproject\x64\debug\link.4900-mt.write.1.tlog
d:\專題\7-11\解\stereoproject\stereoproject\x64\debug\link.4900-rc.read.1.tlog
d:\專題\7-11\解\stereoproject\stereoproject\x64\debug\link.4900-rc.write.1.tlog
d:\專題\7-11\解\stereoproject\stereoproject\x64\debug\link.4900.read.1.tlog
d:\專題\7-11\解\stereoproject\stereoproject\x64\debug\link.4900.write.1.tlog
d:\專題\7-11\解\stereoproject\stereoproject\x64\debug\link.5052-cvtres.read.1.tlog
d:\專題\7-11\解\stereoproject\stereoproject\x64\debug\link.5052-cvtres.write.1.tlog
d:\專題\7-11\解\stereoproject\stereoproject\x64\debug\link.5052-mt.read.1.tlog
d:\專題\7-11\解\stereoproject\stereoproject\x64\debug\link.5052-mt.write.1.tlog
d:\專題\7-11\解\stereoproject\stereoproject\x64\debug\link.5052-rc.read.1.tlog
d:\專題\7-11\解\stereoproject\stereoproject\x64\debug\link.5052-rc.write.1.tlog
d:\專題\7-11\解\stereoproject\stereoproject\x64\debug\link.5052.read.1.tlog
d:\專題\7-11\解\stereoproject\stereoproject\x64\debug\link.5052.write.1.tlog
d:\專題\7-11\解\stereoproject\stereoproject\x64\debug\link.5076-cvtres.read.1.tlog
d:\專題\7-11\解\stereoproject\stereoproject\x64\debug\link.5076-cvtres.write.1.tlog
d:\專題\7-11\解\stereoproject\stereoproject\x64\debug\link.5076-mt.read.1.tlog
d:\專題\7-11\解\stereoproject\stereoproject\x64\debug\link.5076-mt.write.1.tlog
d:\專題\7-11\解\stereoproject\stereoproject\x64\debug\link.5076-rc.read.1.tlog
d:\專題\7-11\解\stereoproject\stereoproject\x64\debug\link.5076-rc.write.1.tlog
d:\專題\7-11\解\stereoproject\stereoproject\x64\debug\link.5076.read.1.tlog
d:\專題\7-11\解\stereoproject\stereoproject\x64\debug\link.5076.write.1.tlog
d:\專題\7-11\解\stereoproject\stereoproject\x64\debug\link.5144-cvtres.read.1.tlog
d:\專題\7-11\解\stereoproject\stereoproject\x64\debug\link.5144-cvtres.write.1.tlog
d:\專題\7-11\解\stereoproject\stereoproject\x64\debug\link.5144-mt.read.1.tlog
d:\專題\7-11\解\stereoproject\stereoproject\x64\debug\link.5144-mt.write.1.tlog
d:\專題\7-11\解\stereoproject\stereoproject\x64\debug\link.5144-rc.read.1.tlog
d:\專題\7-11\解\stereoproject\stereoproject\x64\debug\link.5144-rc.write.1.tlog
d:\專題\7-11\解\stereoproject\stereoproject\x64\debug\link.5144.read.1.tlog
d:\專題\7-11\解\stereoproject\stereoproject\x64\debug\link.5144.write.1.tlog
d:\專題\7-11\解\stereoproject\stereoproject\x64\debug\link.5180-cvtres.read.1.tlog
d:\專題\7-11\解\stereoproject\stereoproject\x64\debug\link.5180-cvtres.write.1.tlog
d:\專題\7-11\解\stereoproject\stereoproject\x64\debug\link.5180-mt.read.1.tlog
d:\專題\7-11\解\stereoproject\stereoproject\x64\debug\link.5180-mt.write.1.tlog
d:\專題\7-11\解\stereoproject\stereoproject\x64\debug\link.5180-rc.read.1.tlog
d:\專題\7-11\解\stereoproject\stereoproject\x64\debug\link.5180-rc.write.1.tlog
d:\專題\7-11\解\stereoproject\stereoproject\x64\debug\link.5180.read.1.tlog
d:\專題\7-11\解\stereoproject\stereoproject\x64\debug\link.5180.write.1.tlog
d:\專題\7-11\解\stereoproject\stereoproject\x64\debug\link.5252-cvtres.read.1.tlog
d:\專題\7-11\解\stereoproject\stereoproject\x64\debug\link.5252-cvtres.write.1.tlog
d:\專題\7-11\解\stereoproject\stereoproject\x64\debug\link.5252-mt.read.1.tlog
d:\專題\7-11\解\stereoproject\stereoproject\x64\debug\link.5252-mt.write.1.tlog
d:\專題\7-11\解\stereoproject\stereoproject\x64\debug\link.5252-rc.read.1.tlog
d:\專題\7-11\解\stereoproject\stereoproject\x64\debug\link.5252-rc.write.1.tlog
d:\專題\7-11\解\stereoproject\stereoproject\x64\debug\link.5252.read.1.tlog
d:\專題\7-11\解\stereoproject\stereoproject\x64\debug\link.5252.write.1.tlog
d:\專題\7-11\解\stereoproject\stereoproject\x64\debug\link.5360-cvtres.read.1.tlog
d:\專題\7-11\解\stereoproject\stereoproject\x64\debug\link.5360-cvtres.write.1.tlog
d:\專題\7-11\解\stereoproject\stereoproject\x64\debug\link.5360-mt.read.1.tlog
d:\專題\7-11\解\stereoproject\stereoproject\x64\debug\link.5360-mt.write.1.tlog
d:\專題\7-11\解\stereoproject\stereoproject\x64\debug\link.5360-rc.read.1.tlog
d:\專題\7-11\解\stereoproject\stereoproject\x64\debug\link.5360-rc.write.1.tlog
d:\專題\7-11\解\stereoproject\stereoproject\x64\debug\link.5360.read.1.tlog
d:\專題\7-11\解\stereoproject\stereoproject\x64\debug\link.5360.write.1.tlog
d:\專題\7-11\解\stereoproject\stereoproject\x64\debug\link.5380-cvtres.read.1.tlog
d:\專題\7-11\解\stereoproject\stereoproject\x64\debug\link.5380-cvtres.write.1.tlog
d:\專題\7-11\解\stereoproject\stereoproject\x64\debug\link.5380-mt.read.1.tlog
d:\專題\7-11\解\stereoproject\stereoproject\x64\debug\link.5380-mt.write.1.tlog
d:\專題\7-11\解\stereoproject\stereoproject\x64\debug\link.5380-rc.read.1.tlog
d:\專題\7-11\解\stereoproject\stereoproject\x64\debug\link.5380-rc.write.1.tlog
d:\專題\7-11\解\stereoproject\stereoproject\x64\debug\link.5380.read.1.tlog
d:\專題\7-11\解\stereoproject\stereoproject\x64\debug\link.5380.write.1.tlog
d:\專題\7-11\解\stereoproject\stereoproject\x64\debug\link.5396-cvtres.read.1.tlog
d:\專題\7-11\解\stereoproject\stereoproject\x64\debug\link.5396-cvtres.write.1.tlog
d:\專題\7-11\解\stereoproject\stereoproject\x64\debug\link.5396-mt.read.1.tlog
d:\專題\7-11\解\stereoproject\stereoproject\x64\debug\link.5396-mt.write.1.tlog
d:\專題\7-11\解\stereoproject\stereoproject\x64\debug\link.5396-rc.read.1.tlog
d:\專題\7-11\解\stereoproject\stereoproject\x64\debug\link.5396-rc.write.1.tlog
d:\專題\7-11\解\stereoproject\stereoproject\x64\debug\link.5396.read.1.tlog
d:\專題\7-11\解\stereoproject\stereoproject\x64\debug\link.5396.write.1.tlog
d:\專題\7-11\解\stereoproject\stereoproject\x64\debug\link.5692-cvtres.read.1.tlog
d:\專題\7-11\解\stereoproject\stereoproject\x64\debug\link.5692-cvtres.write.1.tlog
d:\專題\7-11\解\stereoproject\stereoproject\x64\debug\link.5692-mt.read.1.tlog
d:\專題\7-11\解\stereoproject\stereoproject\x64\debug\link.5692-mt.write.1.tlog
d:\專題\7-11\解\stereoproject\stereoproject\x64\debug\link.5692-rc.read.1.tlog
d:\專題\7-11\解\stereoproject\stereoproject\x64\debug\link.5692-rc.write.1.tlog
d:\專題\7-11\解\stereoproject\stereoproject\x64\debug\link.5692.read.1.tlog
d:\專題\7-11\解\stereoproject\stereoproject\x64\debug\link.5692.write.1.tlog
d:\專題\7-11\解\stereoproject\stereoproject\x64\debug\link.5712-cvtres.read.1.tlog
d:\專題\7-11\解\stereoproject\stereoproject\x64\debug\link.5712-cvtres.write.1.tlog
d:\專題\7-11\解\stereoproject\stereoproject\x64\debug\link.5712-mt.read.1.tlog
d:\專題\7-11\解\stereoproject\stereoproject\x64\debug\link.5712-mt.write.1.tlog
d:\專題\7-11\解\stereoproject\stereoproject\x64\debug\link.5712-rc.read.1.tlog
d:\專題\7-11\解\stereoproject\stereoproject\x64\debug\link.5712-rc.write.1.tlog
d:\專題\7-11\解\stereoproject\stereoproject\x64\debug\link.5712.read.1.tlog
d:\專題\7-11\解\stereoproject\stereoproject\x64\debug\link.5712.write.1.tlog
d:\專題\7-11\解\stereoproject\stereoproject\x64\debug\link.5740-cvtres.read.1.tlog
d:\專題\7-11\解\stereoproject\stereoproject\x64\debug\link.5740-cvtres.write.1.tlog
d:\專題\7-11\解\stereoproject\stereoproject\x64\debug\link.5740-mt.read.1.tlog
d:\專題\7-11\解\stereoproject\stereoproject\x64\debug\link.5740-mt.write.1.tlog
d:\專題\7-11\解\stereoproject\stereoproject\x64\debug\link.5740-rc.read.1.tlog
d:\專題\7-11\解\stereoproject\stereoproject\x64\debug\link.5740-rc.write.1.tlog
d:\專題\7-11\解\stereoproject\stereoproject\x64\debug\link.5740.read.1.tlog
d:\專題\7-11\解\stereoproject\stereoproject\x64\debug\link.5740.write.1.tlog
d:\專題\7-11\解\stereoproject\stereoproject\x64\debug\link.5752-cvtres.read.1.tlog
d:\專題\7-11\解\stereoproject\stereoproject\x64\debug\link.5752-cvtres.write.1.tlog
d:\專題\7-11\解\stereoproject\stereoproject\x64\debug\link.5752-mt.read.1.tlog
d:\專題\7-11\解\stereoproject\stereoproject\x64\debug\link.5752-mt.write.1.tlog
d:\專題\7-11\解\stereoproject\stereoproject\x64\debug\link.5752-rc.read.1.tlog
d:\專題\7-11\解\stereoproject\stereoproject\x64\debug\link.5752-rc.write.1.tlog
d:\專題\7-11\解\stereoproject\stereoproject\x64\debug\link.5752.read.1.tlog
d:\專題\7-11\解\stereoproject\stereoproject\x64\debug\link.5752.write.1.tlog
d:\專題\7-11\解\stereoproject\stereoproject\x64\debug\link.5892-cvtres.read.1.tlog
d:\專題\7-11\解\stereoproject\stereoproject\x64\debug\link.5892-cvtres.write.1.tlog
d:\專題\7-11\解\stereoproject\stereoproject\x64\debug\link.5892-mt.read.1.tlog
d:\專題\7-11\解\stereoproject\stereoproject\x64\debug\link.5892-mt.write.1.tlog
d:\專題\7-11\解\stereoproject\stereoproject\x64\debug\link.5892-rc.read.1.tlog
d:\專題\7-11\解\stereoproject\stereoproject\x64\debug\link.5892-rc.write.1.tlog
d:\專題\7-11\解\stereoproject\stereoproject\x64\debug\link.5892.read.1.tlog
d:\專題\7-11\解\stereoproject\stereoproject\x64\debug\link.5892.write.1.tlog
d:\專題\7-11\解\stereoproject\stereoproject\x64\debug\link.5928-cvtres.read.1.tlog
d:\專題\7-11\解\stereoproject\stereoproject\x64\debug\link.5928-cvtres.write.1.tlog
d:\專題\7-11\解\stereoproject\stereoproject\x64\debug\link.5928-mt.read.1.tlog
d:\專題\7-11\解\stereoproject\stereoproject\x64\debug\link.5928-mt.write.1.tlog
d:\專題\7-11\解\stereoproject\stereoproject\x64\debug\link.5928-rc.read.1.tlog
d:\專題\7-11\解\stereoproject\stereoproject\x64\debug\link.5928-rc.write.1.tlog
d:\專題\7-11\解\stereoproject\stereoproject\x64\debug\link.5928.read.1.tlog
d:\專題\7-11\解\stereoproject\stereoproject\x64\debug\link.5928.write.1.tlog
d:\專題\7-11\解\stereoproject\stereoproject\x64\debug\link.5988-cvtres.read.1.tlog
d:\專題\7-11\解\stereoproject\stereoproject\x64\debug\link.5988-cvtres.write.1.tlog
d:\專題\7-11\解\stereoproject\stereoproject\x64\debug\link.5988-mt.read.1.tlog
d:\專題\7-11\解\stereoproject\stereoproject\x64\debug\link.5988-mt.write.1.tlog
d:\專題\7-11\解\stereoproject\stereoproject\x64\debug\link.5988-rc.read.1.tlog
d:\專題\7-11\解\stereoproject\stereoproject\x64\debug\link.5988-rc.write.1.tlog
d:\專題\7-11\解\stereoproject\stereoproject\x64\debug\link.5988.read.1.tlog
d:\專題\7-11\解\stereoproject\stereoproject\x64\debug\link.5988.write.1.tlog
d:\專題\7-11\解\stereoproject\stereoproject\x64\debug\link.6056-cvtres.read.1.tlog
d:\專題\7-11\解\stereoproject\stereoproject\x64\debug\link.6056-cvtres.write.1.tlog
d:\專題\7-11\解\stereoproject\stereoproject\x64\debug\link.6056-mt.read.1.tlog
d:\專題\7-11\解\stereoproject\stereoproject\x64\debug\link.6056-mt.write.1.tlog
d:\專題\7-11\解\stereoproject\stereoproject\x64\debug\link.6056-rc.read.1.tlog
d:\專題\7-11\解\stereoproject\stereoproject\x64\debug\link.6056-rc.write.1.tlog
d:\專題\7-11\解\stereoproject\stereoproject\x64\debug\link.6056.read.1.tlog
d:\專題\7-11\解\stereoproject\stereoproject\x64\debug\link.6056.write.1.tlog
d:\專題\7-11\解\stereoproject\stereoproject\x64\debug\link.6248-cvtres.read.1.tlog
d:\專題\7-11\解\stereoproject\stereoproject\x64\debug\link.6248-cvtres.write.1.tlog
d:\專題\7-11\解\stereoproject\stereoproject\x64\debug\link.6248-mt.read.1.tlog
d:\專題\7-11\解\stereoproject\stereoproject\x64\debug\link.6248-mt.write.1.tlog
d:\專題\7-11\解\stereoproject\stereoproject\x64\debug\link.6248-rc.read.1.tlog
d:\專題\7-11\解\stereoproject\stereoproject\x64\debug\link.6248-rc.write.1.tlog
d:\專題\7-11\解\stereoproject\stereoproject\x64\debug\link.6248.read.1.tlog
d:\專題\7-11\解\stereoproject\stereoproject\x64\debug\link.6248.write.1.tlog
d:\專題\7-11\解\stereoproject\stereoproject\x64\debug\link.6340-cvtres.read.1.tlog
d:\專題\7-11\解\stereoproject\stereoproject\x64\debug\link.6340-cvtres.write.1.tlog
d:\專題\7-11\解\stereoproject\stereoproject\x64\debug\link.6340-mt.read.1.tlog
d:\專題\7-11\解\stereoproject\stereoproject\x64\debug\link.6340-mt.write.1.tlog
d:\專題\7-11\解\stereoproject\stereoproject\x64\debug\link.6340-rc.read.1.tlog
d:\專題\7-11\解\stereoproject\stereoproject\x64\debug\link.6340-rc.write.1.tlog
d:\專題\7-11\解\stereoproject\stereoproject\x64\debug\link.6340.read.1.tlog
d:\專題\7-11\解\stereoproject\stereoproject\x64\debug\link.6340.write.1.tlog
d:\專題\7-11\解\stereoproject\stereoproject\x64\debug\link.6440-cvtres.read.1.tlog
d:\專題\7-11\解\stereoproject\stereoproject\x64\debug\link.6440-cvtres.write.1.tlog
d:\專題\7-11\解\stereoproject\stereoproject\x64\debug\link.6440-mt.read.1.tlog
d:\專題\7-11\解\stereoproject\stereoproject\x64\debug\link.6440-mt.write.1.tlog
d:\專題\7-11\解\stereoproject\stereoproject\x64\debug\link.6440-rc.read.1.tlog
d:\專題\7-11\解\stereoproject\stereoproject\x64\debug\link.6440-rc.write.1.tlog
d:\專題\7-11\解\stereoproject\stereoproject\x64\debug\link.6440.read.1.tlog
d:\專題\7-11\解\stereoproject\stereoproject\x64\debug\link.6440.write.1.tlog
d:\專題\7-11\解\stereoproject\stereoproject\x64\debug\link.6476-cvtres.read.1.tlog
d:\專題\7-11\解\stereoproject\stereoproject\x64\debug\link.6476-cvtres.write.1.tlog
d:\專題\7-11\解\stereoproject\stereoproject\x64\debug\link.6476-mt.read.1.tlog
d:\專題\7-11\解\stereoproject\stereoproject\x64\debug\link.6476-mt.write.1.tlog
d:\專題\7-11\解\stereoproject\stereoproject\x64\debug\link.6476-rc.read.1.tlog
d:\專題\7-11\解\stereoproject\stereoproject\x64\debug\link.6476-rc.write.1.tlog
d:\專題\7-11\解\stereoproject\stereoproject\x64\debug\link.6476.read.1.tlog
d:\專題\7-11\解\stereoproject\stereoproject\x64\debug\link.6476.write.1.tlog
d:\專題\7-11\解\stereoproject\stereoproject\x64\debug\link.6520-cvtres.read.1.tlog
d:\專題\7-11\解\stereoproject\stereoproject\x64\debug\link.6520-cvtres.write.1.tlog
d:\專題\7-11\解\stereoproject\stereoproject\x64\debug\link.6520-mt.read.1.tlog
d:\專題\7-11\解\stereoproject\stereoproject\x64\debug\link.6520-mt.write.1.tlog
d:\專題\7-11\解\stereoproject\stereoproject\x64\debug\link.6520-rc.read.1.tlog
d:\專題\7-11\解\stereoproject\stereoproject\x64\debug\link.6520-rc.write.1.tlog
d:\專題\7-11\解\stereoproject\stereoproject\x64\debug\link.6520.read.1.tlog
d:\專題\7-11\解\stereoproject\stereoproject\x64\debug\link.6520.write.1.tlog
d:\專題\7-11\解\stereoproject\stereoproject\x64\debug\link.6552-cvtres.read.1.tlog
d:\專題\7-11\解\stereoproject\stereoproject\x64\debug\link.6552-cvtres.write.1.tlog
d:\專題\7-11\解\stereoproject\stereoproject\x64\debug\link.6552-mt.read.1.tlog
d:\專題\7-11\解\stereoproject\stereoproject\x64\debug\link.6552-mt.write.1.tlog
d:\專題\7-11\解\stereoproject\stereoproject\x64\debug\link.6552-rc.read.1.tlog
d:\專題\7-11\解\stereoproject\stereoproject\x64\debug\link.6552-rc.write.1.tlog
d:\專題\7-11\解\stereoproject\stereoproject\x64\debug\link.6552.read.1.tlog
d:\專題\7-11\解\stereoproject\stereoproject\x64\debug\link.6552.write.1.tlog
d:\專題\7-11\解\stereoproject\stereoproject\x64\debug\link.6612-cvtres.read.1.tlog
d:\專題\7-11\解\stereoproject\stereoproject\x64\debug\link.6612-cvtres.write.1.tlog
d:\專題\7-11\解\stereoproject\stereoproject\x64\debug\link.6612-mt.read.1.tlog
d:\專題\7-11\解\stereoproject\stereoproject\x64\debug\link.6612-mt.write.1.tlog
d:\專題\7-11\解\stereoproject\stereoproject\x64\debug\link.6612-rc.read.1.tlog
d:\專題\7-11\解\stereoproject\stereoproject\x64\debug\link.6612-rc.write.1.tlog
d:\專題\7-11\解\stereoproject\stereoproject\x64\debug\link.6612.read.1.tlog
d:\專題\7-11\解\stereoproject\stereoproject\x64\debug\link.6612.write.1.tlog
d:\專題\7-11\解\stereoproject\stereoproject\x64\debug\link.6824-cvtres.read.1.tlog
d:\專題\7-11\解\stereoproject\stereoproject\x64\debug\link.6824-cvtres.write.1.tlog
d:\專題\7-11\解\stereoproject\stereoproject\x64\debug\link.6824-mt.read.1.tlog
d:\專題\7-11\解\stereoproject\stereoproject\x64\debug\link.6824-mt.write.1.tlog
d:\專題\7-11\解\stereoproject\stereoproject\x64\debug\link.6824-rc.read.1.tlog
d:\專題\7-11\解\stereoproject\stereoproject\x64\debug\link.6824-rc.write.1.tlog
d:\專題\7-11\解\stereoproject\stereoproject\x64\debug\link.6824.read.1.tlog
d:\專題\7-11\解\stereoproject\stereoproject\x64\debug\link.6824.write.1.tlog
d:\專題\7-11\解\stereoproject\stereoproject\x64\debug\link.6988-cvtres.read.1.tlog
d:\專題\7-11\解\stereoproject\stereoproject\x64\debug\link.6988-cvtres.write.1.tlog
d:\專題\7-11\解\stereoproject\stereoproject\x64\debug\link.6988-mt.read.1.tlog
d:\專題\7-11\解\stereoproject\stereoproject\x64\debug\link.6988-mt.write.1.tlog
d:\專題\7-11\解\stereoproject\stereoproject\x64\debug\link.6988-rc.read.1.tlog
d:\專題\7-11\解\stereoproject\stereoproject\x64\debug\link.6988-rc.write.1.tlog
d:\專題\7-11\解\stereoproject\stereoproject\x64\debug\link.6988.read.1.tlog
d:\專題\7-11\解\stereoproject\stereoproject\x64\debug\link.6988.write.1.tlog
d:\專題\7-11\解\stereoproject\stereoproject\x64\debug\link.7012-cvtres.read.1.tlog
d:\專題\7-11\解\stereoproject\stereoproject\x64\debug\link.7012-cvtres.write.1.tlog
d:\專題\7-11\解\stereoproject\stereoproject\x64\debug\link.7012-mt.read.1.tlog
d:\專題\7-11\解\stereoproject\stereoproject\x64\debug\link.7012-mt.write.1.tlog
d:\專題\7-11\解\stereoproject\stereoproject\x64\debug\link.7012-rc.read.1.tlog
d:\專題\7-11\解\stereoproject\stereoproject\x64\debug\link.7012-rc.write.1.tlog
d:\專題\7-11\解\stereoproject\stereoproject\x64\debug\link.7012.read.1.tlog
d:\專題\7-11\解\stereoproject\stereoproject\x64\debug\link.7012.write.1.tlog
d:\專題\7-11\解\stereoproject\stereoproject\x64\debug\link.7068-cvtres.read.1.tlog
d:\專題\7-11\解\stereoproject\stereoproject\x64\debug\link.7068-cvtres.write.1.tlog
d:\專題\7-11\解\stereoproject\stereoproject\x64\debug\link.7068-mt.read.1.tlog
d:\專題\7-11\解\stereoproject\stereoproject\x64\debug\link.7068-mt.write.1.tlog
d:\專題\7-11\解\stereoproject\stereoproject\x64\debug\link.7068-rc.read.1.tlog
d:\專題\7-11\解\stereoproject\stereoproject\x64\debug\link.7068-rc.write.1.tlog
d:\專題\7-11\解\stereoproject\stereoproject\x64\debug\link.7068.read.1.tlog
d:\專題\7-11\解\stereoproject\stereoproject\x64\debug\link.7068.write.1.tlog
d:\專題\7-11\解\stereoproject\stereoproject\x64\debug\link.7092-cvtres.read.1.tlog
d:\專題\7-11\解\stereoproject\stereoproject\x64\debug\link.7092-cvtres.write.1.tlog
d:\專題\7-11\解\stereoproject\stereoproject\x64\debug\link.7092-mt.read.1.tlog
d:\專題\7-11\解\stereoproject\stereoproject\x64\debug\link.7092-mt.write.1.tlog
d:\專題\7-11\解\stereoproject\stereoproject\x64\debug\link.7092-rc.read.1.tlog
d:\專題\7-11\解\stereoproject\stereoproject\x64\debug\link.7092-rc.write.1.tlog
d:\專題\7-11\解\stereoproject\stereoproject\x64\debug\link.7092.read.1.tlog
d:\專題\7-11\解\stereoproject\stereoproject\x64\debug\link.7092.write.1.tlog
d:\專題\7-11\解\stereoproject\stereoproject\x64\debug\link.command.1.tlog
d:\專題\7-11\解\stereoproject\stereoproject\x64\debug\link.read.1.tlog
d:\專題\7-11\解\stereoproject\stereoproject\x64\debug\link.write.1.tlog
d:\專題\7-11\解\stereoproject\stereoproject\x64\debug\rc.command.1.tlog
d:\專題\7-11\解\stereoproject\stereoproject\x64\debug\rc.read.1.tlog
d:\專題\7-11\解\stereoproject\stereoproject\x64\debug\rc.write.1.tlog
d:\專題\7-11\解\stereoproject\stereoproject\x64\debug\vc110.idb
d:\專題\7-11\解\stereoproject\stereoproject\x64\debug\vc110.pdb
d:\專題\7-11\解\stereoproject\stereoproject\x64\debug\stereoproject.tlog\cl.command.1.tlog
d:\專題\7-11\解\stereoproject\stereoproject\x64\debug\stereoproject.tlog\cl.read.1.tlog
d:\專題\7-11\解\stereoproject\stereoproject\x64\debug\stereoproject.tlog\cl.write.1.tlog
d:\專題\7-11\解\stereoproject\stereoproject\x64\debug\stereoproject.tlog\link.command.1.tlog
d:\專題\7-11\解\stereoproject\stereoproject\x64\debug\stereoproject.tlog\link.delete.1.tlog
d:\專題\7-11\解\stereoproject\stereoproject\x64\debug\stereoproject.tlog\link.read.1.tlog
d:\專題\7-11\解\stereoproject\stereoproject\x64\debug\stereoproject.tlog\link.write.1.tlog
d:\專題\7-11\解\stereoproject\stereoproject\x64\debug\stereoproject.tlog\rc.command.1.tlog
d:\專題\7-11\解\stereoproject\stereoproject\x64\debug\stereoproject.tlog\rc.read.1.tlog
d:\專題\7-11\解\stereoproject\stereoproject\x64\debug\stereoproject.tlog\rc.write.1.tlog
